<?xml version="1.0" encoding="UTF-8"?>
<!-- Generated by org.testng.reporters.JUnitXMLReporter -->
<testsuite hostname="PAKU-BLR-01" ignored="0" name="Default test" tests="4" failures="0" timestamp="11 Oct 2022 10:14:47 GMT" time="61.668" errors="0">
  <testcase name="ValidateTitleOfLoginPage" time="0.592" classname="com.qa.testcases.LoginPageTest"/>
  <testcase name="ValidateLogo" time="0.625" classname="com.qa.testcases.LoginPageTest"/>
  <testcase name="ValidateSignuplink" time="0.347" classname="com.qa.testcases.LoginPageTest"/>
  <testcase name="LoginCheck" time="3.4" classname="com.qa.testcases.LoginPageTest"/>
</testsuite> <!-- Default test -->
