<?xml version="1.0" encoding="UTF-8"?>
<!-- Generated by org.testng.reporters.JUnitXMLReporter -->
<testsuite hostname="PAKU-BLR-01" ignored="0" name="Default test" tests="4" failures="0" timestamp="11 Oct 2022 08:46:23 GMT" time="71.257" errors="0">
  <testcase name="ValidateTitleOfLoginPage" time="0.57" classname="com.qa.testcases.LoginPageTest"/>
  <testcase name="ValidateLogo" time="0.935" classname="com.qa.testcases.LoginPageTest"/>
  <testcase name="ValidateSignuplink" time="0.691" classname="com.qa.testcases.LoginPageTest"/>
  <testcase name="LoginCheck" time="4.58" classname="com.qa.testcases.LoginPageTest"/>
</testsuite> <!-- Default test -->
