<?xml version="1.0" encoding="UTF-8"?>
<testng-results skipped="0" failed="0" ignored="0" total="4" passed="4">
  <reporter-output>
  </reporter-output>
  <suite name="Default suite" duration-ms="61668" started-at="2022-10-11T10:13:45Z" finished-at="2022-10-11T10:14:47Z">
    <groups>
    </groups>
    <test name="Default test" duration-ms="61668" started-at="2022-10-11T10:13:45Z" finished-at="2022-10-11T10:14:47Z">
      <class name="com.qa.testcases.LoginPageTest">
        <test-method status="PASS" signature="setup()[pri:0, instance:com.qa.testcases.LoginPageTest@1500955a]" name="setup" is-config="true" duration-ms="18287" started-at="2022-10-11T15:43:46Z" finished-at="2022-10-11T15:44:04Z">
          <reporter-output>
          </reporter-output>
        </test-method> <!-- setup -->
        <test-method status="PASS" signature="ValidateTitleOfLoginPage()[pri:1, instance:com.qa.testcases.LoginPageTest@1500955a]" name="ValidateTitleOfLoginPage" duration-ms="592" started-at="2022-10-11T15:44:04Z" finished-at="2022-10-11T15:44:04Z">
          <reporter-output>
          </reporter-output>
        </test-method> <!-- ValidateTitleOfLoginPage -->
        <test-method status="PASS" signature="tearDown()[pri:0, instance:com.qa.testcases.LoginPageTest@1500955a]" name="tearDown" is-config="true" duration-ms="3299" started-at="2022-10-11T15:44:04Z" finished-at="2022-10-11T15:44:08Z">
          <reporter-output>
          </reporter-output>
        </test-method> <!-- tearDown -->
        <test-method status="PASS" signature="setup()[pri:0, instance:com.qa.testcases.LoginPageTest@1500955a]" name="setup" is-config="true" duration-ms="8626" started-at="2022-10-11T15:44:08Z" finished-at="2022-10-11T15:44:16Z">
          <reporter-output>
          </reporter-output>
        </test-method> <!-- setup -->
        <test-method status="PASS" signature="ValidateLogo()[pri:2, instance:com.qa.testcases.LoginPageTest@1500955a]" name="ValidateLogo" duration-ms="625" started-at="2022-10-11T15:44:16Z" finished-at="2022-10-11T15:44:17Z">
          <reporter-output>
          </reporter-output>
        </test-method> <!-- ValidateLogo -->
        <test-method status="PASS" signature="tearDown()[pri:0, instance:com.qa.testcases.LoginPageTest@1500955a]" name="tearDown" is-config="true" duration-ms="1825" started-at="2022-10-11T15:44:17Z" finished-at="2022-10-11T15:44:19Z">
          <reporter-output>
          </reporter-output>
        </test-method> <!-- tearDown -->
        <test-method status="PASS" signature="setup()[pri:0, instance:com.qa.testcases.LoginPageTest@1500955a]" name="setup" is-config="true" duration-ms="9092" started-at="2022-10-11T15:44:19Z" finished-at="2022-10-11T15:44:28Z">
          <reporter-output>
          </reporter-output>
        </test-method> <!-- setup -->
        <test-method status="PASS" signature="ValidateSignuplink()[pri:3, instance:com.qa.testcases.LoginPageTest@1500955a]" name="ValidateSignuplink" duration-ms="347" started-at="2022-10-11T15:44:28Z" finished-at="2022-10-11T15:44:28Z">
          <reporter-output>
          </reporter-output>
        </test-method> <!-- ValidateSignuplink -->
        <test-method status="PASS" signature="tearDown()[pri:0, instance:com.qa.testcases.LoginPageTest@1500955a]" name="tearDown" is-config="true" duration-ms="4445" started-at="2022-10-11T15:44:28Z" finished-at="2022-10-11T15:44:33Z">
          <reporter-output>
          </reporter-output>
        </test-method> <!-- tearDown -->
        <test-method status="PASS" signature="setup()[pri:0, instance:com.qa.testcases.LoginPageTest@1500955a]" name="setup" is-config="true" duration-ms="8881" started-at="2022-10-11T15:44:33Z" finished-at="2022-10-11T15:44:42Z">
          <reporter-output>
          </reporter-output>
        </test-method> <!-- setup -->
        <test-method status="PASS" signature="LoginCheck()[pri:4, instance:com.qa.testcases.LoginPageTest@1500955a]" name="LoginCheck" duration-ms="3400" started-at="2022-10-11T15:44:42Z" finished-at="2022-10-11T15:44:45Z">
          <reporter-output>
          </reporter-output>
        </test-method> <!-- LoginCheck -->
        <test-method status="PASS" signature="tearDown()[pri:0, instance:com.qa.testcases.LoginPageTest@1500955a]" name="tearDown" is-config="true" duration-ms="2109" started-at="2022-10-11T15:44:45Z" finished-at="2022-10-11T15:44:47Z">
          <reporter-output>
          </reporter-output>
        </test-method> <!-- tearDown -->
      </class> <!-- com.qa.testcases.LoginPageTest -->
    </test> <!-- Default test -->
  </suite> <!-- Default suite -->
</testng-results>
